<?xml version="1.0" encoding="UTF-8"?>
<testsuite name="invadem.BarrierTest" tests="1" skipped="0" failures="0" errors="0" timestamp="2019-10-31T04:26:29" hostname="DESKTOP-1RSI245" time="0.005">
  <properties/>
  <testcase name="barrierConstruction" classname="invadem.BarrierTest" time="0.005"/>
  <system-out><![CDATA[]]></system-out>
  <system-err><![CDATA[]]></system-err>
</testsuite>
